This file contains any messages produced by compilers while
running configure, to aid debugging if configure makes a mistake.

It was created by pidgin_sharedesk configure 0.1, which was
generated by GNU Autoconf 2.63.  Invocation command line was

  $ /home/roby/Projects/pidgin-sharedesk/configure --enable-maintainer-mode CFLAGS=-g -O0 CXXFLAGS=-g -O0 JFLAGS=-g -O0 FFLAGS=-g -O0 --no-create --no-recursion

## --------- ##
## Platform. ##
## --------- ##

hostname = roby-laptop
uname -m = i686
uname -r = 2.6.30-tuxonice-r6
uname -s = Linux
uname -v = #1 SMP PREEMPT Fri Dec 11 02:27:45 CET 2009

/usr/bin/uname -p = Intel(R) Core(TM)2 CPU T5600 @ 1.83GHz
/bin/uname -X     = unknown

/bin/arch              = unknown
/usr/bin/arch -k       = unknown
/usr/convex/getsysinfo = unknown
/usr/bin/hostinfo      = unknown
/bin/machine           = unknown
/usr/bin/oslevel       = unknown
/bin/universe          = unknown

PATH: /home/roby/bin
PATH: /usr/local/bin
PATH: /usr/bin
PATH: /bin
PATH: /opt/bin
PATH: /usr/i686-pc-linux-gnu/armv5tel-softfloat-linux-gnueabi/gcc-bin/4.4.2
PATH: /usr/i686-pc-linux-gnu/avr/gcc-bin/4.2.2
PATH: /usr/i686-pc-linux-gnu/gcc-bin/4.1.1
PATH: /usr/i686-pc-linux-gnu/gcc-bin/4.3.4
PATH: /opt/sun-jdk-1.6.0.14/bin
PATH: /opt/sun-jdk-1.6.0.14/jre/bin
PATH: /opt/dmd/bin
PATH: /usr/lib/plan9/bin
PATH: /usr/qt/3/bin
PATH: /usr/games/bin
PATH: /opt/vmware/server/console/bin


## ----------- ##
## Core tests. ##
## ----------- ##

configure:2126: checking for a BSD-compatible install
configure:2194: result: /usr/bin/install -c
configure:2205: checking whether build environment is sane
configure:2265: result: yes
configure:2406: checking for a thread-safe mkdir -p
configure:2445: result: /bin/mkdir -p
configure:2458: checking for gawk
configure:2474: found /usr/bin/gawk
configure:2485: result: gawk
configure:2496: checking whether make sets $(MAKE)
configure:2518: result: yes
configure:2603: checking whether to enable maintainer-specific portions of Makefiles
configure:2612: result: yes
configure:2638: checking for style of include used by make
configure:2666: result: GNU
configure:2736: checking for gcc
configure:2752: found /usr/bin/gcc
configure:2763: result: gcc
configure:2995: checking for C compiler version
configure:3003: gcc --version >&5
gcc (Gentoo 4.3.4 p1.0, pie-10.1.5) 4.3.4
Copyright (C) 2008 Free Software Foundation, Inc.
This is free software; see the source for copying conditions.  There is NO
warranty; not even for MERCHANTABILITY or FITNESS FOR A PARTICULAR PURPOSE.

configure:3007: $? = 0
configure:3014: gcc -v >&5
Using built-in specs.
Target: i686-pc-linux-gnu
Configured with: /var/tmp/portage/sys-devel/gcc-4.3.4/work/gcc-4.3.4/configure --prefix=/usr --bindir=/usr/i686-pc-linux-gnu/gcc-bin/4.3.4 --includedir=/usr/lib/gcc/i686-pc-linux-gnu/4.3.4/include --datadir=/usr/share/gcc-data/i686-pc-linux-gnu/4.3.4 --mandir=/usr/share/gcc-data/i686-pc-linux-gnu/4.3.4/man --infodir=/usr/share/gcc-data/i686-pc-linux-gnu/4.3.4/info --with-gxx-include-dir=/usr/lib/gcc/i686-pc-linux-gnu/4.3.4/include/g++-v4 --host=i686-pc-linux-gnu --build=i686-pc-linux-gnu --disable-altivec --disable-fixed-point --enable-nls --without-included-gettext --with-system-zlib --disable-checking --disable-werror --enable-secureplt --disable-multilib --enable-libmudflap --disable-libssp --enable-libgomp --disable-libgcj --with-arch=i686 --enable-languages=c,c++,treelang,fortran --enable-shared --enable-threads=posix --enable-__cxa_atexit --enable-clocale=gnu --with-bugurl=http://bugs.gentoo.org/ --with-pkgversion='Gentoo 4.3.4 p1.0, pie-10.1.5'
Thread model: posix
gcc version 4.3.4 (Gentoo 4.3.4 p1.0, pie-10.1.5) 
configure:3018: $? = 0
configure:3025: gcc -V >&5
gcc: '-V' option must have argument
configure:3029: $? = 1
configure:3052: checking for C compiler default output file name
configure:3074: gcc -g -O0   conftest.c  >&5
configure:3078: $? = 0
configure:3116: result: a.out
configure:3135: checking whether the C compiler works
configure:3145: ./a.out
configure:3149: $? = 0
configure:3168: result: yes
configure:3175: checking whether we are cross compiling
configure:3177: result: no
configure:3180: checking for suffix of executables
configure:3187: gcc -o conftest -g -O0   conftest.c  >&5
configure:3191: $? = 0
configure:3217: result: 
configure:3223: checking for suffix of object files
configure:3249: gcc -c -g -O0  conftest.c >&5
configure:3253: $? = 0
configure:3278: result: o
configure:3282: checking whether we are using the GNU C compiler
configure:3311: gcc -c -g -O0  conftest.c >&5
configure:3318: $? = 0
configure:3335: result: yes
configure:3344: checking whether gcc accepts -g
configure:3374: gcc -c -g  conftest.c >&5
configure:3381: $? = 0
configure:3482: result: yes
configure:3499: checking for gcc option to accept ISO C89
configure:3573: gcc  -c -g -O0  conftest.c >&5
configure:3580: $? = 0
configure:3603: result: none needed
configure:3623: checking dependency style of gcc
configure:3733: result: gcc3
configure:3749: checking for library containing strerror
configure:3790: gcc -o conftest -g -O0   conftest.c  >&5
configure:3797: $? = 0
configure:3828: result: none required
configure:3884: checking for gcc
configure:3911: result: gcc
configure:4143: checking for C compiler version
configure:4151: gcc --version >&5
gcc (Gentoo 4.3.4 p1.0, pie-10.1.5) 4.3.4
Copyright (C) 2008 Free Software Foundation, Inc.
This is free software; see the source for copying conditions.  There is NO
warranty; not even for MERCHANTABILITY or FITNESS FOR A PARTICULAR PURPOSE.

configure:4155: $? = 0
configure:4162: gcc -v >&5
Using built-in specs.
Target: i686-pc-linux-gnu
Configured with: /var/tmp/portage/sys-devel/gcc-4.3.4/work/gcc-4.3.4/configure --prefix=/usr --bindir=/usr/i686-pc-linux-gnu/gcc-bin/4.3.4 --includedir=/usr/lib/gcc/i686-pc-linux-gnu/4.3.4/include --datadir=/usr/share/gcc-data/i686-pc-linux-gnu/4.3.4 --mandir=/usr/share/gcc-data/i686-pc-linux-gnu/4.3.4/man --infodir=/usr/share/gcc-data/i686-pc-linux-gnu/4.3.4/info --with-gxx-include-dir=/usr/lib/gcc/i686-pc-linux-gnu/4.3.4/include/g++-v4 --host=i686-pc-linux-gnu --build=i686-pc-linux-gnu --disable-altivec --disable-fixed-point --enable-nls --without-included-gettext --with-system-zlib --disable-checking --disable-werror --enable-secureplt --disable-multilib --enable-libmudflap --disable-libssp --enable-libgomp --disable-libgcj --with-arch=i686 --enable-languages=c,c++,treelang,fortran --enable-shared --enable-threads=posix --enable-__cxa_atexit --enable-clocale=gnu --with-bugurl=http://bugs.gentoo.org/ --with-pkgversion='Gentoo 4.3.4 p1.0, pie-10.1.5'
Thread model: posix
gcc version 4.3.4 (Gentoo 4.3.4 p1.0, pie-10.1.5) 
configure:4166: $? = 0
configure:4173: gcc -V >&5
gcc: '-V' option must have argument
configure:4177: $? = 1
configure:4180: checking whether we are using the GNU C compiler
configure:4233: result: yes
configure:4242: checking whether gcc accepts -g
configure:4380: result: yes
configure:4397: checking for gcc option to accept ISO C89
configure:4501: result: none needed
configure:4521: checking dependency style of gcc
configure:4631: result: gcc3
configure:4694: checking for gcc
configure:4721: result: gcc
configure:4953: checking for C compiler version
configure:4961: gcc --version >&5
gcc (Gentoo 4.3.4 p1.0, pie-10.1.5) 4.3.4
Copyright (C) 2008 Free Software Foundation, Inc.
This is free software; see the source for copying conditions.  There is NO
warranty; not even for MERCHANTABILITY or FITNESS FOR A PARTICULAR PURPOSE.

configure:4965: $? = 0
configure:4972: gcc -v >&5
Using built-in specs.
Target: i686-pc-linux-gnu
Configured with: /var/tmp/portage/sys-devel/gcc-4.3.4/work/gcc-4.3.4/configure --prefix=/usr --bindir=/usr/i686-pc-linux-gnu/gcc-bin/4.3.4 --includedir=/usr/lib/gcc/i686-pc-linux-gnu/4.3.4/include --datadir=/usr/share/gcc-data/i686-pc-linux-gnu/4.3.4 --mandir=/usr/share/gcc-data/i686-pc-linux-gnu/4.3.4/man --infodir=/usr/share/gcc-data/i686-pc-linux-gnu/4.3.4/info --with-gxx-include-dir=/usr/lib/gcc/i686-pc-linux-gnu/4.3.4/include/g++-v4 --host=i686-pc-linux-gnu --build=i686-pc-linux-gnu --disable-altivec --disable-fixed-point --enable-nls --without-included-gettext --with-system-zlib --disable-checking --disable-werror --enable-secureplt --disable-multilib --enable-libmudflap --disable-libssp --enable-libgomp --disable-libgcj --with-arch=i686 --enable-languages=c,c++,treelang,fortran --enable-shared --enable-threads=posix --enable-__cxa_atexit --enable-clocale=gnu --with-bugurl=http://bugs.gentoo.org/ --with-pkgversion='Gentoo 4.3.4 p1.0, pie-10.1.5'
Thread model: posix
gcc version 4.3.4 (Gentoo 4.3.4 p1.0, pie-10.1.5) 
configure:4976: $? = 0
configure:4983: gcc -V >&5
gcc: '-V' option must have argument
configure:4987: $? = 1
configure:4990: checking whether we are using the GNU C compiler
configure:5043: result: yes
configure:5052: checking whether gcc accepts -g
configure:5190: result: yes
configure:5207: checking for gcc option to accept ISO C89
configure:5311: result: none needed
configure:5331: checking dependency style of gcc
configure:5441: result: gcc3
configure:5464: checking how to run the C preprocessor
configure:5504: gcc -E  conftest.c
configure:5511: $? = 0
configure:5542: gcc -E  conftest.c
conftest.c:10:28: error: ac_nonexistent.h: No such file or directory
configure:5549: $? = 1
configure: failed program was:
| /* confdefs.h.  */
| #define PACKAGE_NAME "pidgin_sharedesk"
| #define PACKAGE_TARNAME "pidgin_sharedesk"
| #define PACKAGE_VERSION "0.1"
| #define PACKAGE_STRING "pidgin_sharedesk 0.1"
| #define PACKAGE_BUGREPORT ""
| #define PACKAGE "pidgin_sharedesk"
| #define VERSION "0.1"
| /* end confdefs.h.  */
| #include <ac_nonexistent.h>
configure:5582: result: gcc -E
configure:5611: gcc -E  conftest.c
configure:5618: $? = 0
configure:5649: gcc -E  conftest.c
conftest.c:10:28: error: ac_nonexistent.h: No such file or directory
configure:5656: $? = 1
configure: failed program was:
| /* confdefs.h.  */
| #define PACKAGE_NAME "pidgin_sharedesk"
| #define PACKAGE_TARNAME "pidgin_sharedesk"
| #define PACKAGE_VERSION "0.1"
| #define PACKAGE_STRING "pidgin_sharedesk 0.1"
| #define PACKAGE_BUGREPORT ""
| #define PACKAGE "pidgin_sharedesk"
| #define VERSION "0.1"
| /* end confdefs.h.  */
| #include <ac_nonexistent.h>
configure:5696: checking for grep that handles long lines and -e
configure:5756: result: /bin/grep
configure:5761: checking for egrep
configure:5825: result: /bin/grep -E
configure:5830: checking for ANSI C header files
configure:5860: gcc -c -g -O0  conftest.c >&5
configure:5867: $? = 0
configure:5966: gcc -o conftest -g -O0   conftest.c  >&5
configure:5970: $? = 0
configure:5976: ./conftest
configure:5980: $? = 0
configure:5998: result: yes
configure:6033: checking for sys/types.h
configure:6054: gcc -c -g -O0  conftest.c >&5
configure:6061: $? = 0
configure:6078: result: yes
configure:6033: checking for sys/stat.h
configure:6054: gcc -c -g -O0  conftest.c >&5
configure:6061: $? = 0
configure:6078: result: yes
configure:6033: checking for stdlib.h
configure:6054: gcc -c -g -O0  conftest.c >&5
configure:6061: $? = 0
configure:6078: result: yes
configure:6033: checking for string.h
configure:6054: gcc -c -g -O0  conftest.c >&5
configure:6061: $? = 0
configure:6078: result: yes
configure:6033: checking for memory.h
configure:6054: gcc -c -g -O0  conftest.c >&5
configure:6061: $? = 0
configure:6078: result: yes
configure:6033: checking for strings.h
configure:6054: gcc -c -g -O0  conftest.c >&5
configure:6061: $? = 0
configure:6078: result: yes
configure:6033: checking for inttypes.h
configure:6054: gcc -c -g -O0  conftest.c >&5
configure:6061: $? = 0
configure:6078: result: yes
configure:6033: checking for stdint.h
configure:6054: gcc -c -g -O0  conftest.c >&5
configure:6061: $? = 0
configure:6078: result: yes
configure:6033: checking for unistd.h
configure:6054: gcc -c -g -O0  conftest.c >&5
configure:6061: $? = 0
configure:6078: result: yes
configure:6109: checking locale.h usability
configure:6126: gcc -c -g -O0  conftest.c >&5
configure:6133: $? = 0
configure:6147: result: yes
configure:6151: checking locale.h presence
configure:6166: gcc -E  conftest.c
configure:6173: $? = 0
configure:6187: result: yes
configure:6215: checking for locale.h
configure:6224: result: yes
configure:6240: checking for LC_MESSAGES
configure:6266: gcc -o conftest -g -O0   conftest.c  >&5
configure:6273: $? = 0
configure:6293: result: yes
configure:6322: checking libintl.h usability
configure:6339: gcc -c -g -O0  conftest.c >&5
configure:6346: $? = 0
configure:6360: result: yes
configure:6364: checking libintl.h presence
configure:6379: gcc -E  conftest.c
configure:6386: $? = 0
configure:6400: result: yes
configure:6428: checking for libintl.h
configure:6435: result: yes
configure:6446: checking for ngettext in libc
configure:6474: gcc -o conftest -g -O0   conftest.c  >&5
configure:6481: $? = 0
configure:6502: result: yes
configure:6506: checking for dgettext in libc
configure:6534: gcc -o conftest -g -O0   conftest.c  >&5
configure:6541: $? = 0
configure:6562: result: yes
configure:6571: checking for bind_textdomain_codeset
configure:6627: gcc -o conftest -g -O0   conftest.c  >&5
configure:6634: $? = 0
configure:6656: result: yes
configure:7172: checking for msgfmt
configure:7199: result: /usr/bin/msgfmt
configure:7212: checking for dcgettext
configure:7268: gcc -o conftest -g -O0   conftest.c   >&5
conftest.c:48: warning: conflicting types for built-in function 'dcgettext'
configure:7275: $? = 0
configure:7297: result: yes
configure:7310: checking if msgfmt accepts -c
configure:7325: $MSGFMT -c -o /dev/null conftest.foo
configure:7328: $? = 0
configure:7330: result: yes
configure:7340: checking for gmsgfmt
configure:7358: found /usr/bin/gmsgfmt
configure:7371: result: /usr/bin/gmsgfmt
configure:7381: checking for xgettext
configure:7408: result: /usr/bin/xgettext
configure:7437: gcc -o conftest -g -O0   conftest.c   >&5
configure:7444: $? = 0
configure:7678: checking whether NLS is requested
configure:7687: result: yes
configure:7704: checking for intltool >= 0.35.0
configure:7711: result: 0.40.5 found
configure:7721: checking for intltool-update
configure:7739: found /usr/bin/intltool-update
configure:7751: result: /usr/bin/intltool-update
configure:7761: checking for intltool-merge
configure:7779: found /usr/bin/intltool-merge
configure:7791: result: /usr/bin/intltool-merge
configure:7801: checking for intltool-extract
configure:7819: found /usr/bin/intltool-extract
configure:7831: result: /usr/bin/intltool-extract
configure:7888: checking for xgettext
configure:7918: result: /usr/bin/xgettext
configure:7928: checking for msgmerge
configure:7946: found /usr/bin/msgmerge
configure:7958: result: /usr/bin/msgmerge
configure:7968: checking for msgfmt
configure:7998: result: /usr/bin/msgfmt
configure:8008: checking for gmsgfmt
configure:8039: result: /usr/bin/gmsgfmt
configure:8063: checking for perl
configure:8081: found /usr/bin/perl
configure:8093: result: /usr/bin/perl
configure:8112: checking for XML::Parser
configure:8115: result: ok
configure:8345: checking build system type
configure:8363: result: i686-pc-linux-gnu
configure:8385: checking host system type
configure:8400: result: i686-pc-linux-gnu
configure:8422: checking for a sed that does not truncate output
configure:8488: result: /bin/sed
configure:8506: checking for fgrep
configure:8570: result: /bin/grep -F
configure:8605: checking for ld used by gcc
configure:8672: result: /usr/i686-pc-linux-gnu/bin/ld
configure:8681: checking if the linker (/usr/i686-pc-linux-gnu/bin/ld) is GNU ld
configure:8696: result: yes
configure:8708: checking for BSD- or MS-compatible name lister (nm)
configure:8757: result: /usr/bin/nm -B
configure:8875: checking the name lister (/usr/bin/nm -B) interface
configure:8882: gcc -c -g -O0  conftest.c >&5
configure:8885: /usr/bin/nm -B "conftest.o"
configure:8888: output
00000000 B some_variable
configure:8895: result: BSD nm
configure:8898: checking whether ln -s works
configure:8902: result: yes
configure:8910: checking the maximum length of command line arguments
configure:9030: result: 805306365
configure:9047: checking whether the shell understands some XSI constructs
configure:9057: result: yes
configure:9061: checking whether the shell understands "+="
configure:9067: result: yes
configure:9102: checking for /usr/i686-pc-linux-gnu/bin/ld option to reload object files
configure:9109: result: -r
configure:9178: checking for objdump
configure:9194: found /usr/bin/objdump
configure:9205: result: objdump
configure:9237: checking how to recognize dependent libraries
configure:9433: result: pass_all
configure:9493: checking for ar
configure:9509: found /usr/bin/ar
configure:9520: result: ar
configure:9598: checking for strip
configure:9614: found /usr/bin/strip
configure:9625: result: strip
configure:9697: checking for ranlib
configure:9713: found /usr/bin/ranlib
configure:9724: result: ranlib
configure:9814: checking command to parse /usr/bin/nm -B output from gcc object
configure:9932: gcc -c -g -O0  conftest.c >&5
configure:9935: $? = 0
configure:9939: /usr/bin/nm -B conftest.o \| sed -n -e 's/^.*[	 ]\([ABCDGIRSTW][ABCDGIRSTW]*\)[	 ][	 ]*\([_A-Za-z][_A-Za-z0-9]*\)$/\1 \2 \2/p' \> conftest.nm
configure:9942: $? = 0
configure:9996: gcc -o conftest -g -O0   conftest.c conftstm.o >&5
configure:9999: $? = 0
configure:10037: result: ok
configure:10902: checking for dlfcn.h
configure:10923: gcc -c -g -O0  conftest.c >&5
configure:10930: $? = 0
configure:10947: result: yes
configure:11103: checking for objdir
configure:11118: result: .libs
configure:11410: checking if gcc supports -fno-rtti -fno-exceptions
configure:11428: gcc -c -g -O0  -fno-rtti -fno-exceptions conftest.c >&5
cc1: warning: command line option "-fno-rtti" is valid for C++/ObjC++ but not for C
configure:11432: $? = 0
configure:11445: result: no
configure:11465: checking for gcc option to produce PIC
configure:11737: result: -fPIC -DPIC
configure:11749: checking if gcc PIC flag -fPIC -DPIC works
configure:11767: gcc -c -g -O0  -fPIC -DPIC -DPIC conftest.c >&5
configure:11771: $? = 0
configure:11784: result: yes
configure:11808: checking if gcc static flag -static works
configure:11836: result: yes
configure:11851: checking if gcc supports -c -o file.o
configure:11872: gcc -c -g -O0  -o out/conftest2.o conftest.c >&5
configure:11876: $? = 0
configure:11898: result: yes
configure:11906: checking if gcc supports -c -o file.o
configure:11953: result: yes
configure:11986: checking whether the gcc linker (/usr/i686-pc-linux-gnu/bin/ld) supports shared libraries
configure:13060: result: yes
configure:13097: checking whether -lc should be explicitly linked in
configure:13102: gcc -c -g -O0  conftest.c >&5
configure:13105: $? = 0
configure:13120: gcc -shared conftest.o  -v -Wl,-soname -Wl,conftest -o conftest 2\>\&1 \| /bin/grep  -lc  \>/dev/null 2\>\&1
configure:13123: $? = 0
configure:13135: result: no
configure:13299: checking dynamic linker characteristics
configure:13755: gcc -o conftest -g -O0   -Wl,-rpath -Wl,/foo conftest.c  >&5
configure:13762: $? = 0
configure:13995: result: GNU/Linux ld.so
configure:14097: checking how to hardcode library paths into programs
configure:14122: result: immediate
configure:14955: checking whether stripping libraries is possible
configure:14960: result: yes
configure:14995: checking if libtool supports shared libraries
configure:14997: result: yes
configure:15000: checking whether to build shared libraries
configure:15021: result: yes
configure:15024: checking whether to build static libraries
configure:15028: result: no
configure:15115: checking for pkg-config
configure:15133: found /usr/bin/pkg-config
configure:15145: result: /usr/bin/pkg-config
configure:15170: checking pkg-config is at least version 0.9.0
configure:15173: result: yes
configure:15184: checking for PIDGIN_SHAREDESK
configure:15191: $PKG_CONFIG --exists --print-errors "pidgin purple gupnp-1.0 gssdp-1.0 libsoup-2.4 libxml-2.0"
configure:15194: $? = 0
configure:15207: $PKG_CONFIG --exists --print-errors "pidgin purple gupnp-1.0 gssdp-1.0 libsoup-2.4 libxml-2.0"
configure:15210: $? = 0
configure:15287: result: yes
configure:15446: creating ./config.status

## ---------------- ##
## Cache variables. ##
## ---------------- ##

ac_cv_build=i686-pc-linux-gnu
ac_cv_c_compiler_gnu=yes
ac_cv_env_CC_set=
ac_cv_env_CC_value=
ac_cv_env_CFLAGS_set=set
ac_cv_env_CFLAGS_value='-g -O0'
ac_cv_env_CPPFLAGS_set=
ac_cv_env_CPPFLAGS_value=
ac_cv_env_CPP_set=
ac_cv_env_CPP_value=
ac_cv_env_LDFLAGS_set=
ac_cv_env_LDFLAGS_value=
ac_cv_env_LIBS_set=
ac_cv_env_LIBS_value=
ac_cv_env_PIDGIN_SHAREDESK_CFLAGS_set=
ac_cv_env_PIDGIN_SHAREDESK_CFLAGS_value=
ac_cv_env_PIDGIN_SHAREDESK_LIBS_set=
ac_cv_env_PIDGIN_SHAREDESK_LIBS_value=
ac_cv_env_PKG_CONFIG_set=
ac_cv_env_PKG_CONFIG_value=
ac_cv_env_build_alias_set=
ac_cv_env_build_alias_value=
ac_cv_env_host_alias_set=
ac_cv_env_host_alias_value=
ac_cv_env_target_alias_set=
ac_cv_env_target_alias_value=
ac_cv_func_bind_textdomain_codeset=yes
ac_cv_func_dcgettext=yes
ac_cv_header_dlfcn_h=yes
ac_cv_header_inttypes_h=yes
ac_cv_header_libintl_h=yes
ac_cv_header_locale_h=yes
ac_cv_header_memory_h=yes
ac_cv_header_stdc=yes
ac_cv_header_stdint_h=yes
ac_cv_header_stdlib_h=yes
ac_cv_header_string_h=yes
ac_cv_header_strings_h=yes
ac_cv_header_sys_stat_h=yes
ac_cv_header_sys_types_h=yes
ac_cv_header_unistd_h=yes
ac_cv_host=i686-pc-linux-gnu
ac_cv_objext=o
ac_cv_path_EGREP='/bin/grep -E'
ac_cv_path_FGREP='/bin/grep -F'
ac_cv_path_GMSGFMT=/usr/bin/gmsgfmt
ac_cv_path_GREP=/bin/grep
ac_cv_path_INTLTOOL_EXTRACT=/usr/bin/intltool-extract
ac_cv_path_INTLTOOL_MERGE=/usr/bin/intltool-merge
ac_cv_path_INTLTOOL_PERL=/usr/bin/perl
ac_cv_path_INTLTOOL_UPDATE=/usr/bin/intltool-update
ac_cv_path_MSGFMT=/usr/bin/msgfmt
ac_cv_path_MSGMERGE=/usr/bin/msgmerge
ac_cv_path_SED=/bin/sed
ac_cv_path_XGETTEXT=/usr/bin/xgettext
ac_cv_path_ac_pt_PKG_CONFIG=/usr/bin/pkg-config
ac_cv_path_install='/usr/bin/install -c'
ac_cv_path_mkdir=/bin/mkdir
ac_cv_prog_AWK=gawk
ac_cv_prog_CPP='gcc -E'
ac_cv_prog_ac_ct_AR=ar
ac_cv_prog_ac_ct_CC=gcc
ac_cv_prog_ac_ct_OBJDUMP=objdump
ac_cv_prog_ac_ct_RANLIB=ranlib
ac_cv_prog_ac_ct_STRIP=strip
ac_cv_prog_cc_c89=
ac_cv_prog_cc_g=yes
ac_cv_prog_make_make_set=yes
ac_cv_search_strerror='none required'
am_cv_CC_dependencies_compiler_type=gcc3
am_cv_prog_cc_stdc=
am_cv_val_LC_MESSAGES=yes
gt_cv_func_dgettext_libc=yes
gt_cv_func_dgettext_libintl=no
gt_cv_func_ngettext_libc=yes
gt_cv_have_gettext=yes
lt_cv_deplibs_check_method=pass_all
lt_cv_file_magic_cmd='$MAGIC_CMD'
lt_cv_file_magic_test_file=
lt_cv_ld_reload_flag=-r
lt_cv_nm_interface='BSD nm'
lt_cv_objdir=.libs
lt_cv_path_LD=/usr/i686-pc-linux-gnu/bin/ld
lt_cv_path_NM='/usr/bin/nm -B'
lt_cv_prog_compiler_c_o=yes
lt_cv_prog_compiler_pic_works=yes
lt_cv_prog_compiler_rtti_exceptions=no
lt_cv_prog_compiler_static_works=yes
lt_cv_prog_gnu_ld=yes
lt_cv_sys_global_symbol_pipe='sed -n -e '\''s/^.*[	 ]\([ABCDGIRSTW][ABCDGIRSTW]*\)[	 ][	 ]*\([_A-Za-z][_A-Za-z0-9]*\)$/\1 \2 \2/p'\'''
lt_cv_sys_global_symbol_to_c_name_address='sed -n -e '\''s/^: \([^ ]*\) $/  {\"\1\", (void *) 0},/p'\'' -e '\''s/^[ABCDGIRSTW]* \([^ ]*\) \([^ ]*\)$/  {"\2", (void *) \&\2},/p'\'''
lt_cv_sys_global_symbol_to_c_name_address_lib_prefix='sed -n -e '\''s/^: \([^ ]*\) $/  {\"\1\", (void *) 0},/p'\'' -e '\''s/^[ABCDGIRSTW]* \([^ ]*\) \(lib[^ ]*\)$/  {"\2", (void *) \&\2},/p'\'' -e '\''s/^[ABCDGIRSTW]* \([^ ]*\) \([^ ]*\)$/  {"lib\2", (void *) \&\2},/p'\'''
lt_cv_sys_global_symbol_to_cdecl='sed -n -e '\''s/^T .* \(.*\)$/extern int \1();/p'\'' -e '\''s/^[ABCDGIRSTW]* .* \(.*\)$/extern char \1;/p'\'''
lt_cv_sys_max_cmd_len=805306365
pkg_cv_PIDGIN_SHAREDESK_CFLAGS='-I/usr/include/pidgin -I/usr/include/gtk-2.0 -I/usr/include/libpurple -I/usr/lib/gtk-2.0/include -I/usr/include/atk-1.0 -I/usr/include/cairo -I/usr/include/pango-1.0 -I/usr/include/glib-2.0 -I/usr/lib/glib-2.0/include -I/usr/include/pixman-1 -I/usr/include/freetype2 -I/usr/include/libpng12 -I/usr/include/gupnp-1.0 -I/usr/include/gssdp-1.0 -I/usr/include/libxml2 -I/usr/include/libsoup-2.4  '
pkg_cv_PIDGIN_SHAREDESK_LIBS='-lgtk-x11-2.0 -lgdk-x11-2.0 -latk-1.0 -lpangoft2-1.0 -lgdk_pixbuf-2.0 -lpangocairo-1.0 -lcairo -lpango-1.0 -lfreetype -lfontconfig -lpurple -lgupnp-1.0 -lgssdp-1.0 -lsoup-2.4 -lgio-2.0 -lgobject-2.0 -lgmodule-2.0 -lglib-2.0 -lxml2  '

## ----------------- ##
## Output variables. ##
## ----------------- ##

ACLOCAL='${SHELL} /home/roby/Projects/pidgin-sharedesk/missing --run aclocal-1.11'
ALL_LINGUAS=''
AMDEPBACKSLASH='\'
AMDEP_FALSE='#'
AMDEP_TRUE=''
AMTAR='${SHELL} /home/roby/Projects/pidgin-sharedesk/missing --run tar'
AR='ar'
AUTOCONF='${SHELL} /home/roby/Projects/pidgin-sharedesk/missing --run autoconf'
AUTOHEADER='${SHELL} /home/roby/Projects/pidgin-sharedesk/missing --run autoheader'
AUTOMAKE='${SHELL} /home/roby/Projects/pidgin-sharedesk/missing --run automake-1.11'
AWK='gawk'
CATALOGS=''
CATOBJEXT='.gmo'
CC='gcc'
CCDEPMODE='depmode=gcc3'
CFLAGS='-g -O0'
CPP='gcc -E'
CPPFLAGS=''
CYGPATH_W='echo'
DATADIRNAME='share'
DEFS='-DHAVE_CONFIG_H'
DEPDIR='.deps'
DSYMUTIL=''
DUMPBIN=''
ECHO_C=''
ECHO_N='-n'
ECHO_T=''
EGREP='/bin/grep -E'
EXEEXT=''
FGREP='/bin/grep -F'
GETTEXT_PACKAGE='pidgin_sharedesk'
GMOFILES=''
GMSGFMT='/usr/bin/gmsgfmt'
GREP='/bin/grep'
INSTALL_DATA='${INSTALL} -m 644'
INSTALL_PROGRAM='${INSTALL}'
INSTALL_SCRIPT='${INSTALL}'
INSTALL_STRIP_PROGRAM='$(install_sh) -c -s'
INSTOBJEXT='.mo'
INTLLIBS=''
INTLTOOL_CAVES_RULE='%.caves:     %.caves.in     $(INTLTOOL_MERGE) $(wildcard $(top_srcdir)/po/*.po) ; LC_ALL=C $(INTLTOOL_MERGE) -d -u -c $(top_builddir)/po/.intltool-merge-cache $(top_srcdir)/po $< $@'
INTLTOOL_DESKTOP_RULE='%.desktop:   %.desktop.in   $(INTLTOOL_MERGE) $(wildcard $(top_srcdir)/po/*.po) ; LC_ALL=C $(INTLTOOL_MERGE) -d -u -c $(top_builddir)/po/.intltool-merge-cache $(top_srcdir)/po $< $@'
INTLTOOL_DIRECTORY_RULE='%.directory: %.directory.in $(INTLTOOL_MERGE) $(wildcard $(top_srcdir)/po/*.po) ; LC_ALL=C $(INTLTOOL_MERGE) -d -u -c $(top_builddir)/po/.intltool-merge-cache $(top_srcdir)/po $< $@'
INTLTOOL_EXTRACT='/usr/bin/intltool-extract'
INTLTOOL_KBD_RULE='%.kbd:       %.kbd.in       $(INTLTOOL_MERGE) $(wildcard $(top_srcdir)/po/*.po) ; LC_ALL=C $(INTLTOOL_MERGE) -x -u -m -c $(top_builddir)/po/.intltool-merge-cache $(top_srcdir)/po $< $@'
INTLTOOL_KEYS_RULE='%.keys:      %.keys.in      $(INTLTOOL_MERGE) $(wildcard $(top_srcdir)/po/*.po) ; LC_ALL=C $(INTLTOOL_MERGE) -k -u -c $(top_builddir)/po/.intltool-merge-cache $(top_srcdir)/po $< $@'
INTLTOOL_MERGE='/usr/bin/intltool-merge'
INTLTOOL_OAF_RULE='%.oaf:       %.oaf.in       $(INTLTOOL_MERGE) $(wildcard $(top_srcdir)/po/*.po) ; LC_ALL=C $(INTLTOOL_MERGE) -o -p $(top_srcdir)/po $< $@'
INTLTOOL_PERL='/usr/bin/perl'
INTLTOOL_POLICY_RULE='%.policy:    %.policy.in    $(INTLTOOL_MERGE) $(wildcard $(top_srcdir)/po/*.po) ; LC_ALL=C $(INTLTOOL_MERGE) -x -u -c $(top_builddir)/po/.intltool-merge-cache $(top_srcdir)/po $< $@'
INTLTOOL_PONG_RULE='%.pong:      %.pong.in      $(INTLTOOL_MERGE) $(wildcard $(top_srcdir)/po/*.po) ; LC_ALL=C $(INTLTOOL_MERGE) -x -u -c $(top_builddir)/po/.intltool-merge-cache $(top_srcdir)/po $< $@'
INTLTOOL_PROP_RULE='%.prop:      %.prop.in      $(INTLTOOL_MERGE) $(wildcard $(top_srcdir)/po/*.po) ; LC_ALL=C $(INTLTOOL_MERGE) -d -u -c $(top_builddir)/po/.intltool-merge-cache $(top_srcdir)/po $< $@'
INTLTOOL_SCHEMAS_RULE='%.schemas:   %.schemas.in   $(INTLTOOL_MERGE) $(wildcard $(top_srcdir)/po/*.po) ; LC_ALL=C $(INTLTOOL_MERGE) -s -u -c $(top_builddir)/po/.intltool-merge-cache $(top_srcdir)/po $< $@'
INTLTOOL_SERVER_RULE='%.server:    %.server.in    $(INTLTOOL_MERGE) $(wildcard $(top_srcdir)/po/*.po) ; LC_ALL=C $(INTLTOOL_MERGE) -o -u -c $(top_builddir)/po/.intltool-merge-cache $(top_srcdir)/po $< $@'
INTLTOOL_SERVICE_RULE='%.service: %.service.in   $(INTLTOOL_MERGE) $(wildcard $(top_srcdir)/po/*.po) ; LC_ALL=C $(INTLTOOL_MERGE) -d -u -c $(top_builddir)/po/.intltool-merge-cache $(top_srcdir)/po $< $@'
INTLTOOL_SHEET_RULE='%.sheet:     %.sheet.in     $(INTLTOOL_MERGE) $(wildcard $(top_srcdir)/po/*.po) ; LC_ALL=C $(INTLTOOL_MERGE) -x -u -c $(top_builddir)/po/.intltool-merge-cache $(top_srcdir)/po $< $@'
INTLTOOL_SOUNDLIST_RULE='%.soundlist: %.soundlist.in $(INTLTOOL_MERGE) $(wildcard $(top_srcdir)/po/*.po) ; LC_ALL=C $(INTLTOOL_MERGE) -d -u -c $(top_builddir)/po/.intltool-merge-cache $(top_srcdir)/po $< $@'
INTLTOOL_THEME_RULE='%.theme:     %.theme.in     $(INTLTOOL_MERGE) $(wildcard $(top_srcdir)/po/*.po) ; LC_ALL=C $(INTLTOOL_MERGE) -d -u -c $(top_builddir)/po/.intltool-merge-cache $(top_srcdir)/po $< $@'
INTLTOOL_UI_RULE='%.ui:        %.ui.in        $(INTLTOOL_MERGE) $(wildcard $(top_srcdir)/po/*.po) ; LC_ALL=C $(INTLTOOL_MERGE) -x -u -c $(top_builddir)/po/.intltool-merge-cache $(top_srcdir)/po $< $@'
INTLTOOL_UPDATE='/usr/bin/intltool-update'
INTLTOOL_XAM_RULE='%.xam:       %.xml.in       $(INTLTOOL_MERGE) $(wildcard $(top_srcdir)/po/*.po) ; LC_ALL=C $(INTLTOOL_MERGE) -x -u -c $(top_builddir)/po/.intltool-merge-cache $(top_srcdir)/po $< $@'
INTLTOOL_XML_NOMERGE_RULE='%.xml:       %.xml.in       $(INTLTOOL_MERGE) ; LC_ALL=C $(INTLTOOL_MERGE) -x -u /tmp $< $@'
INTLTOOL_XML_RULE='%.xml:       %.xml.in       $(INTLTOOL_MERGE) $(wildcard $(top_srcdir)/po/*.po) ; LC_ALL=C $(INTLTOOL_MERGE) -x -u -c $(top_builddir)/po/.intltool-merge-cache $(top_srcdir)/po $< $@'
LD='/usr/i686-pc-linux-gnu/bin/ld'
LDFLAGS=''
LIBOBJS=''
LIBS=''
LIBTOOL='$(SHELL) $(top_builddir)/libtool'
LIPO=''
LN_S='ln -s'
LTLIBOBJS=''
MAINT=''
MAINTAINER_MODE_FALSE='#'
MAINTAINER_MODE_TRUE=''
MAKEINFO='${SHELL} /home/roby/Projects/pidgin-sharedesk/missing --run makeinfo'
MKDIR_P='/bin/mkdir -p'
MKINSTALLDIRS='/home/roby/Projects/pidgin-sharedesk/mkinstalldirs'
MSGFMT='/usr/bin/msgfmt'
MSGFMT_OPTS='-c'
MSGMERGE='/usr/bin/msgmerge'
NM='/usr/bin/nm -B'
NMEDIT=''
OBJDUMP='objdump'
OBJEXT='o'
OTOOL64=''
OTOOL=''
PACKAGE='pidgin_sharedesk'
PACKAGE_BUGREPORT=''
PACKAGE_NAME='pidgin_sharedesk'
PACKAGE_STRING='pidgin_sharedesk 0.1'
PACKAGE_TARNAME='pidgin_sharedesk'
PACKAGE_VERSION='0.1'
PATH_SEPARATOR=':'
PIDGIN_SHAREDESK_CFLAGS='-I/usr/include/pidgin -I/usr/include/gtk-2.0 -I/usr/include/libpurple -I/usr/lib/gtk-2.0/include -I/usr/include/atk-1.0 -I/usr/include/cairo -I/usr/include/pango-1.0 -I/usr/include/glib-2.0 -I/usr/lib/glib-2.0/include -I/usr/include/pixman-1 -I/usr/include/freetype2 -I/usr/include/libpng12 -I/usr/include/gupnp-1.0 -I/usr/include/gssdp-1.0 -I/usr/include/libxml2 -I/usr/include/libsoup-2.4  '
PIDGIN_SHAREDESK_LIBS='-lgtk-x11-2.0 -lgdk-x11-2.0 -latk-1.0 -lpangoft2-1.0 -lgdk_pixbuf-2.0 -lpangocairo-1.0 -lcairo -lpango-1.0 -lfreetype -lfontconfig -lpurple -lgupnp-1.0 -lgssdp-1.0 -lsoup-2.4 -lgio-2.0 -lgobject-2.0 -lgmodule-2.0 -lglib-2.0 -lxml2  '
PKG_CONFIG='/usr/bin/pkg-config'
POFILES=''
POSUB='po'
PO_IN_DATADIR_FALSE=''
PO_IN_DATADIR_TRUE=''
RANLIB='ranlib'
SED='/bin/sed'
SET_MAKE=''
SHELL='/bin/sh'
STRIP='strip'
USE_NLS='yes'
VERSION='0.1'
XGETTEXT='/usr/bin/xgettext'
ac_ct_CC='gcc'
ac_ct_DUMPBIN=''
am__EXEEXT_FALSE=''
am__EXEEXT_TRUE='#'
am__fastdepCC_FALSE='#'
am__fastdepCC_TRUE=''
am__include='include'
am__isrc=' -I$(srcdir)'
am__leading_dot='.'
am__quote=''
am__tar='${AMTAR} chof - "$$tardir"'
am__untar='${AMTAR} xf -'
bindir='${exec_prefix}/bin'
build='i686-pc-linux-gnu'
build_alias=''
build_cpu='i686'
build_os='linux-gnu'
build_vendor='pc'
datadir='${datarootdir}'
datarootdir='${prefix}/share'
docdir='${datarootdir}/doc/${PACKAGE_TARNAME}'
dvidir='${docdir}'
exec_prefix='${prefix}'
host='i686-pc-linux-gnu'
host_alias=''
host_cpu='i686'
host_os='linux-gnu'
host_vendor='pc'
htmldir='${docdir}'
includedir='${prefix}/include'
infodir='${datarootdir}/info'
install_sh='${SHELL} /home/roby/Projects/pidgin-sharedesk/install-sh'
libdir='${exec_prefix}/lib'
libexecdir='${exec_prefix}/libexec'
localedir='${datarootdir}/locale'
localstatedir='${prefix}/var'
lt_ECHO='echo'
mandir='${datarootdir}/man'
mkdir_p='/bin/mkdir -p'
oldincludedir='/usr/include'
pdfdir='${docdir}'
prefix='/usr/local'
program_transform_name='s,x,x,'
psdir='${docdir}'
sbindir='${exec_prefix}/sbin'
sharedstatedir='${prefix}/com'
sysconfdir='${prefix}/etc'
target_alias=''

## ----------- ##
## confdefs.h. ##
## ----------- ##

#define PACKAGE_NAME "pidgin_sharedesk"
#define PACKAGE_TARNAME "pidgin_sharedesk"
#define PACKAGE_VERSION "0.1"
#define PACKAGE_STRING "pidgin_sharedesk 0.1"
#define PACKAGE_BUGREPORT ""
#define PACKAGE "pidgin_sharedesk"
#define VERSION "0.1"
#define STDC_HEADERS 1
#define GETTEXT_PACKAGE "pidgin_sharedesk"
#define HAVE_SYS_TYPES_H 1
#define HAVE_SYS_STAT_H 1
#define HAVE_STDLIB_H 1
#define HAVE_STRING_H 1
#define HAVE_MEMORY_H 1
#define HAVE_STRINGS_H 1
#define HAVE_INTTYPES_H 1
#define HAVE_STDINT_H 1
#define HAVE_UNISTD_H 1
#define HAVE_LOCALE_H 1
#define HAVE_LC_MESSAGES 1
#define HAVE_BIND_TEXTDOMAIN_CODESET 1
#define HAVE_GETTEXT 1
#define HAVE_DCGETTEXT 1
#define ENABLE_NLS 1
#define HAVE_DLFCN_H 1
#define LT_OBJDIR ".libs/"

configure: exit 0

## ---------------------- ##
## Running config.status. ##
## ---------------------- ##

This file was extended by pidgin_sharedesk config.status 0.1, which was
generated by GNU Autoconf 2.63.  Invocation command line was

  CONFIG_FILES    = 
  CONFIG_HEADERS  = 
  CONFIG_LINKS    = 
  CONFIG_COMMANDS = 
  $ ./config.status 

on roby-laptop

config.status:1063: creating Makefile
config.status:1063: creating src/Makefile
config.status:1063: creating po/Makefile.in
config.status:1063: creating config.h
config.status:1278: config.h is unchanged
config.status:1330: executing depfiles commands
config.status:1330: executing default-1 commands
config.status:1330: executing libtool commands
config.status:1330: executing po/stamp-it commands

## ---------------------- ##
## Running config.status. ##
## ---------------------- ##

This file was extended by pidgin_sharedesk config.status 0.1, which was
generated by GNU Autoconf 2.63.  Invocation command line was

  CONFIG_FILES    = 
  CONFIG_HEADERS  = 
  CONFIG_LINKS    = 
  CONFIG_COMMANDS = 
  $ ./config.status src/Makefile depfiles

on roby-laptop

config.status:1063: creating src/Makefile
config.status:1330: executing depfiles commands

## ---------------------- ##
## Running config.status. ##
## ---------------------- ##

This file was extended by pidgin_sharedesk config.status 0.1, which was
generated by GNU Autoconf 2.63.  Invocation command line was

  CONFIG_FILES    = 
  CONFIG_HEADERS  = 
  CONFIG_LINKS    = 
  CONFIG_COMMANDS = 
  $ ./config.status src/Makefile depfiles

on roby-laptop

config.status:1063: creating src/Makefile
config.status:1330: executing depfiles commands
